[01Juli2025 23:04:42.449] [main/INFO] [cpw.mods.modlauncher.Launcher/MODLAUNCHER]: ModLauncher running: args [--launchTarget, forgeclientdev, --version, 21.1.186, --assetIndex, 17, --assetsDir, C:\\Users\\Xaze\\.gradle\\caches\\neoformruntime\\assets, --gameDir, ., --fml.fmlVersion, 4.0.41, --fml.mcVersion, 1.21.1, --fml.neoForgeVersion, 21.1.186, --fml.neoFormVersion, 20240808.144430]
[01Juli2025 23:04:42.453] [main/INFO] [cpw.mods.modlauncher.Launcher/MODLAUNCHER]: JVM identified as Oracle Corporation OpenJDK 64-Bit Server VM 24.0.1+9-30
[01Juli2025 23:04:42.455] [main/INFO] [cpw.mods.modlauncher.Launcher/MODLAUNCHER]: ModLauncher 11.0.5+main.901c6ea8 starting: java version 24.0.1 by Oracle Corporation; OS Windows 11 arch amd64 version 10.0
[01Juli2025 23:04:42.571] [main/INFO] [net.neoforged.fml.loading.ImmediateWindowHandler/]: Loading ImmediateWindowProvider fmlearlywindow
[01Juli2025 23:04:42.687] [main/INFO] [EARLYDISPLAY/]: Trying GL version 4.6
[01Juli2025 23:04:42.801] [main/INFO] [EARLYDISPLAY/]: Requested GL version 4.6 got version 4.6
[01Juli2025 23:04:43.065] [main/INFO] [mixin/]: SpongePowered MIXIN Subsystem Version=0.8.7 Source=union:/C:/Users/Xaze/.gradle/caches/modules-2/files-2.1/net.fabricmc/sponge-mixin/0.15.2+mixin.0.8.7/2af2f021d8e02a0220dc27a7a72b4666d66d44ca/sponge-mixin-0.15.2+mixin.0.8.7.jar%23138!/ Service=ModLauncher Env=CLIENT
[01Juli2025 23:04:43.137] [pool-2-thread-1/INFO] [EARLYDISPLAY/]: GL info: AMD Radeon RX 7600 XT GL version 4.6.0 Core Profile Context 25.6.1.250514, ATI Technologies Inc.
[01Juli2025 23:04:43.538] [main/INFO] [net.neoforged.fml.loading.moddiscovery.locators.JarInJarDependencyLocator/]: Found 2 dependencies adding them to mods collection
[01Juli2025 23:04:43.540] [main/INFO] [net.neoforged.fml.loading.moddiscovery.ModDiscoverer/]: 
     Mod List:
		Name Version (Mod Id)

		Minecraft 1.21.1 (minecraft)
		Misplaced Friend 1.0.0 (misplacedfriend)
		NeoForge 21.1.186 (neoforge)
[01Juli2025 23:04:44.620] [main/INFO] [cpw.mods.modlauncher.LaunchServiceHandler/MODLAUNCHER]: Launching target 'forgeclientdev' with arguments [--version, 21.1.186, --gameDir, ., --assetsDir, C:\Users\Xaze\.gradle\caches\neoformruntime\assets, --assetIndex, 17]
[01Juli2025 23:04:46.552] [Datafixer Bootstrap/INFO] [com.mojang.datafixers.DataFixerBuilder/]: 229 Datafixer optimizations took 422 milliseconds
[01Juli2025 23:04:46.760] [main/WARN] [oshi.driver.windows.perfmon.PerfmonDisabled/]: Invalid registry value type detected for PerfOS counters. Should be REG_DWORD. Ignoring: HKEY_LOCAL_MACHINE\SYSTEM\CurrentControlSet\Services\PerfOS\Performance\Disable Performance Counters.
[01Juli2025 23:04:46.800] [pool-7-thread-1/INFO] [MixinExtras|Service/]: Initializing MixinExtras via com.llamalad7.mixinextras.service.MixinExtrasServiceImpl(version=0.4.1).
[01Juli2025 23:04:51.868] [main/WARN] [net.minecraft.commands.Commands/]: Ambiguity between arguments [teleport, location] and [teleport, destination] with inputs: [0.1 -0.5 .9, 0 0 0]
[01Juli2025 23:04:51.869] [main/WARN] [net.minecraft.commands.Commands/]: Ambiguity between arguments [teleport, location] and [teleport, targets] with inputs: [0.1 -0.5 .9, 0 0 0]
[01Juli2025 23:04:51.871] [main/WARN] [net.minecraft.commands.Commands/]: Ambiguity between arguments [teleport, destination] and [teleport, targets] with inputs: [Player, 0123, @e, dd12be42-52a9-4a91-a8a1-11c01849e498]
[01Juli2025 23:04:51.872] [main/WARN] [net.minecraft.commands.Commands/]: Ambiguity between arguments [teleport, targets] and [teleport, destination] with inputs: [Player, 0123, dd12be42-52a9-4a91-a8a1-11c01849e498]
[01Juli2025 23:04:51.873] [main/WARN] [net.minecraft.commands.Commands/]: Ambiguity between arguments [teleport, targets, location] and [teleport, targets, destination] with inputs: [0.1 -0.5 .9, 0 0 0]
[01Juli2025 23:04:51.971] [Render thread/WARN] [net.minecraft.server.packs.VanillaPackResourcesBuilder/]: Assets URL 'union:/C:/Users/Xaze/OneDrive/Dokumente/Minecraft%20Mods/MisplacedFriend-1.21.1/build/moddev/artifacts/neoforge-21.1.186.jar%23189!/assets/.mcassetsroot' uses unexpected schema
[01Juli2025 23:04:51.971] [Render thread/WARN] [net.minecraft.server.packs.VanillaPackResourcesBuilder/]: Assets URL 'union:/C:/Users/Xaze/OneDrive/Dokumente/Minecraft%20Mods/MisplacedFriend-1.21.1/build/moddev/artifacts/neoforge-21.1.186.jar%23189!/data/.mcassetsroot' uses unexpected schema
[01Juli2025 23:04:51.999] [Render thread/INFO] [com.mojang.authlib.yggdrasil.YggdrasilAuthenticationService/]: Environment: Environment[sessionHost=https://sessionserver.mojang.com, servicesHost=https://api.minecraftservices.com, name=PROD]
[01Juli2025 23:04:52.006] [Render thread/INFO] [net.minecraft.client.Minecraft/]: Setting user: Dev
[01Juli2025 23:04:52.122] [Render thread/INFO] [net.minecraft.client.Minecraft/]: Backend library: LWJGL version 3.3.3+5
[01Juli2025 23:04:52.430] [modloading-worker-0/INFO] [net.neoforged.neoforge.common.NeoForgeMod/NEOFORGE-MOD]: NeoForge mod loading, version 21.1.186, for MC 1.21.1
[01Juli2025 23:04:53.055] [Render thread/INFO] [net.neoforged.neoforge.gametest.GameTestHooks/]: Enabled Gametest Namespaces: [misplacedfriend]
[01Juli2025 23:04:53.194] [Render thread/INFO] [net.minecraft.server.packs.resources.ReloadableResourceManager/]: Reloading ResourceManager: vanilla, mod_resources, mod/misplacedfriend, mod/neoforge
[01Juli2025 23:04:53.204] [Worker-Main-1/INFO] [xy.xaze.misplacedfriend.MisplacedFriend/]: HELLO FROM COMMON SETUP
[01Juli2025 23:04:53.204] [Worker-Main-1/INFO] [xy.xaze.misplacedfriend.MisplacedFriend/]: The magic number is... 42
[01Juli2025 23:04:53.204] [Worker-Main-1/INFO] [xy.xaze.misplacedfriend.MisplacedFriend/]: ITEM >> minecraft:iron_ingot
[01Juli2025 23:04:53.312] [Worker-Main-13/INFO] [net.minecraft.client.gui.font.providers.UnihexProvider/]: Found unifont_all_no_pua-15.1.05.hex, loading
[01Juli2025 23:04:53.312] [Worker-Main-9/INFO] [net.minecraft.client.gui.font.providers.UnihexProvider/]: Found unifont_jp_patch-15.1.05.hex, loading
[01Juli2025 23:04:53.355] [Worker-Main-11/INFO] [xy.xaze.misplacedfriend.MisplacedFriend/]: HELLO FROM CLIENT SETUP
[01Juli2025 23:04:53.355] [Worker-Main-11/INFO] [xy.xaze.misplacedfriend.MisplacedFriend/]: MINECRAFT NAME >> Dev
[01Juli2025 23:04:54.915] [Render thread/WARN] [net.minecraft.client.sounds.SoundEngine/]: Missing sound for event: minecraft:item.goat_horn.play
[01Juli2025 23:04:54.915] [Render thread/WARN] [net.minecraft.client.sounds.SoundEngine/]: Missing sound for event: minecraft:entity.goat.screaming.horn_break
[01Juli2025 23:04:55.023] [Render thread/INFO] [com.mojang.blaze3d.audio.Library/]: OpenAL initialized on device OpenAL Soft on Lautsprecher (Realtek(R) Audio)
[01Juli2025 23:04:55.024] [Render thread/INFO] [net.minecraft.client.sounds.SoundEngine/SOUNDS]: Sound engine started
[01Juli2025 23:04:55.160] [Render thread/INFO] [net.minecraft.client.renderer.texture.TextureAtlas/]: Created: 1024x512x4 minecraft:textures/atlas/blocks.png-atlas
[01Juli2025 23:04:55.170] [Render thread/INFO] [net.minecraft.client.renderer.texture.TextureAtlas/]: Created: 256x256x4 minecraft:textures/atlas/signs.png-atlas
[01Juli2025 23:04:55.170] [Render thread/INFO] [net.minecraft.client.renderer.texture.TextureAtlas/]: Created: 512x512x4 minecraft:textures/atlas/shield_patterns.png-atlas
[01Juli2025 23:04:55.171] [Render thread/INFO] [net.minecraft.client.renderer.texture.TextureAtlas/]: Created: 512x512x4 minecraft:textures/atlas/banner_patterns.png-atlas
[01Juli2025 23:04:55.171] [Render thread/INFO] [net.minecraft.client.renderer.texture.TextureAtlas/]: Created: 1024x1024x4 minecraft:textures/atlas/armor_trims.png-atlas
[01Juli2025 23:04:55.178] [Render thread/INFO] [net.minecraft.client.renderer.texture.TextureAtlas/]: Created: 256x256x4 minecraft:textures/atlas/chest.png-atlas
[01Juli2025 23:04:55.178] [Render thread/INFO] [net.minecraft.client.renderer.texture.TextureAtlas/]: Created: 128x64x4 minecraft:textures/atlas/decorated_pot.png-atlas
[01Juli2025 23:04:55.178] [Render thread/INFO] [net.minecraft.client.renderer.texture.TextureAtlas/]: Created: 512x256x4 minecraft:textures/atlas/shulker_boxes.png-atlas
[01Juli2025 23:04:55.179] [Render thread/INFO] [net.minecraft.client.renderer.texture.TextureAtlas/]: Created: 512x256x4 minecraft:textures/atlas/beds.png-atlas
[01Juli2025 23:04:55.345] [Render thread/INFO] [net.minecraft.client.renderer.texture.TextureAtlas/]: Created: 512x256x0 minecraft:textures/atlas/particles.png-atlas
[01Juli2025 23:04:55.347] [Render thread/INFO] [net.minecraft.client.renderer.texture.TextureAtlas/]: Created: 512x256x0 minecraft:textures/atlas/paintings.png-atlas
[01Juli2025 23:04:55.347] [Render thread/INFO] [net.minecraft.client.renderer.texture.TextureAtlas/]: Created: 256x128x0 minecraft:textures/atlas/mob_effects.png-atlas
[01Juli2025 23:04:55.347] [Render thread/INFO] [net.minecraft.client.renderer.texture.TextureAtlas/]: Created: 64x64x0 minecraft:textures/atlas/map_decorations.png-atlas
[01Juli2025 23:04:55.347] [Render thread/INFO] [net.minecraft.client.renderer.texture.TextureAtlas/]: Created: 1024x512x0 minecraft:textures/atlas/gui.png-atlas
[01Juli2025 23:04:55.379] [Render thread/WARN] [net.minecraft.client.renderer.ShaderInstance/]: Shader rendertype_entity_translucent_emissive could not find sampler named Sampler2 in the specified shader program.
[01Juli2025 23:04:55.444] [Render thread/INFO] [net.neoforged.neoforge.client.entity.animation.json.AnimationLoader/]: Loaded 0 entity animations
[01Juli2025 23:05:08.075] [Render thread/INFO] [net.minecraft.world.item.crafting.RecipeManager/]: Loaded 1290 recipes
[01Juli2025 23:05:08.253] [Render thread/INFO] [net.minecraft.advancements.AdvancementTree/]: Loaded 1399 advancements
[01Juli2025 23:05:08.642] [Server thread/INFO] [net.minecraft.client.server.IntegratedServer/]: Starting integrated minecraft server version 1.21.1
[01Juli2025 23:05:08.642] [Server thread/INFO] [net.minecraft.server.MinecraftServer/]: Generating keypair
[01Juli2025 23:05:09.486] [Server thread/INFO] [net.minecraft.server.MinecraftServer/]: Preparing start region for dimension minecraft:overworld
[01Juli2025 23:05:09.771] [progressListener/INFO] [net.minecraft.server.level.progress.LoggerChunkProgressListener/]: Preparing spawn area: 0%
[01Juli2025 23:05:09.878] [Server thread/INFO] [net.neoforged.neoforge.server.permission.PermissionAPI/]: Successfully initialized permission handler neoforge:default_handler
[01Juli2025 23:05:09.879] [Server thread/INFO] [xy.xaze.misplacedfriend.MisplacedFriend/]: HELLO from server starting
[01Juli2025 23:05:09.884] [progressListener/INFO] [net.minecraft.server.level.progress.LoggerChunkProgressListener/]: Time elapsed: 386 ms
[01Juli2025 23:05:09.954] [Server thread/INFO] [net.minecraft.client.server.IntegratedServer/]: Changing view distance to 12, from 10
[01Juli2025 23:05:09.954] [Server thread/INFO] [net.minecraft.client.server.IntegratedServer/]: Changing simulation distance to 12, from 0
[01Juli2025 23:05:10.779] [Server thread/INFO] [net.minecraft.server.players.PlayerList/]: Dev[local:E:ed2a2a93] logged in with entity id 32 at (-78.51812190927853, 78.61317382874122, 79.03762286997204)
[01Juli2025 23:05:10.852] [Server thread/INFO] [net.minecraft.server.MinecraftServer/]: Dev joined the game
[01Juli2025 23:05:11.069] [Render thread/INFO] [net.minecraft.advancements.AdvancementTree/]: Loaded 76 advancements
[01Juli2025 23:05:49.750] [Render thread/INFO] [net.minecraft.advancements.AdvancementTree/]: Loaded 76 advancements
[01Juli2025 23:05:51.098] [Render thread/INFO] [net.minecraft.advancements.AdvancementTree/]: Loaded 77 advancements
[01Juli2025 23:06:29.187] [Server thread/INFO] [net.minecraft.server.MinecraftServer/]: [Dev: Replaced a slot on Dev with [Astral Sword]]
[01Juli2025 23:06:29.195] [Render thread/INFO] [net.minecraft.client.gui.components.ChatComponent/]: [System] [CHAT] Replaced a slot on Dev with [Astral Sword]
[01Juli2025 23:07:22.332] [Server thread/INFO] [net.minecraft.client.server.IntegratedServer/]: Saving and pausing game...
[01Juli2025 23:07:22.383] [Server thread/INFO] [net.minecraft.server.MinecraftServer/]: Saving chunks for level 'ServerLevel[Test World]'/minecraft:overworld
[01Juli2025 23:07:22.402] [Server thread/INFO] [net.minecraft.server.MinecraftServer/]: Saving chunks for level 'ServerLevel[Test World]'/minecraft:the_end
[01Juli2025 23:07:22.403] [Server thread/INFO] [net.minecraft.server.MinecraftServer/]: Saving chunks for level 'ServerLevel[Test World]'/minecraft:the_nether
[01Juli2025 23:08:29.114] [Server thread/INFO] [net.minecraft.server.MinecraftServer/]: [Dev: Replaced a slot on Dev with [Astral Sword]]
[01Juli2025 23:08:29.127] [Render thread/INFO] [net.minecraft.client.gui.components.ChatComponent/]: [System] [CHAT] Replaced a slot on Dev with [Astral Sword]
[01Juli2025 23:09:03.581] [Server thread/INFO] [net.minecraft.client.server.IntegratedServer/]: Saving and pausing game...
[01Juli2025 23:09:03.627] [Server thread/INFO] [net.minecraft.server.MinecraftServer/]: Saving chunks for level 'ServerLevel[Test World]'/minecraft:overworld
[01Juli2025 23:09:03.634] [Server thread/INFO] [net.minecraft.server.MinecraftServer/]: Saving chunks for level 'ServerLevel[Test World]'/minecraft:the_end
[01Juli2025 23:09:03.634] [Server thread/INFO] [net.minecraft.server.MinecraftServer/]: Saving chunks for level 'ServerLevel[Test World]'/minecraft:the_nether
[01Juli2025 23:09:04.239] [Server thread/INFO] [net.minecraft.server.network.ServerGamePacketListenerImpl/]: Dev lost connection: Disconnected
[01Juli2025 23:09:04.239] [Server thread/INFO] [net.minecraft.server.MinecraftServer/]: Dev left the game
[01Juli2025 23:09:04.280] [Server thread/INFO] [net.minecraft.server.network.ServerCommonPacketListenerImpl/]: Stopping singleplayer server as player logged out
[01Juli2025 23:09:04.291] [Server thread/INFO] [net.minecraft.server.MinecraftServer/]: Stopping server
[01Juli2025 23:09:04.291] [Server thread/INFO] [net.minecraft.server.MinecraftServer/]: Saving players
[01Juli2025 23:09:04.291] [Server thread/INFO] [net.minecraft.server.MinecraftServer/]: Saving worlds
[01Juli2025 23:09:04.583] [Server thread/INFO] [net.minecraft.server.MinecraftServer/]: Saving chunks for level 'ServerLevel[Test World]'/minecraft:overworld
[01Juli2025 23:09:04.676] [Server thread/INFO] [net.minecraft.server.MinecraftServer/]: Saving chunks for level 'ServerLevel[Test World]'/minecraft:the_end
[01Juli2025 23:09:04.678] [Server thread/INFO] [net.minecraft.server.MinecraftServer/]: Saving chunks for level 'ServerLevel[Test World]'/minecraft:the_nether
[01Juli2025 23:09:04.686] [Server thread/INFO] [net.minecraft.server.MinecraftServer/]: ThreadedAnvilChunkStorage (Test World): All chunks are saved
[01Juli2025 23:09:04.686] [Server thread/INFO] [net.minecraft.server.MinecraftServer/]: ThreadedAnvilChunkStorage (DIM1): All chunks are saved
[01Juli2025 23:09:04.686] [Server thread/INFO] [net.minecraft.server.MinecraftServer/]: ThreadedAnvilChunkStorage (DIM-1): All chunks are saved
[01Juli2025 23:09:04.686] [Server thread/INFO] [net.minecraft.server.MinecraftServer/]: ThreadedAnvilChunkStorage: All dimensions are saved
[01Juli2025 23:24:33.771] [Render thread/INFO] [net.minecraft.client.Minecraft/]: Stopping!
